{"t":{"$date":"2026-07-18T19:45:50.477+05:30"},"s":"I",  "c":"CONTROL",  "id":97374,   "ctx":"thread1","msg":"Automatically disabling TLS 1.0 and TLS 1.1, to force-enable TLS 1.1 specify --sslDisabledProtocols 'TLS1_0'; to force-enable TLS 1.0 specify --sslDisabledProtocols 'none'"}
{"t":{"$date":"2026-07-18T19:45:50.566+05:30"},"s":"I",  "c":"NETWORK",  "id":4915701, "ctx":"thread1","msg":"Initialized wire specification","attr":{"spec":{"incomingExternalClient":{"minWireVersion":0,"maxWireVersion":27},"incomingInternalClient":{"minWireVersion":0,"maxWireVersion":27},"outgoing":{"minWireVersion":6,"maxWireVersion":27},"isInternalClient":true}}}
{"t":{"$date":"2026-07-18T19:45:50.567+05:30"},"s":"I",  "c":"CONTROL",  "id":5945603, "ctx":"thread1","msg":"Multi threading initialized"}
{"t":{"$date":"2026-07-18T19:45:50.568+05:30"},"s":"I",  "c":"CONTROL",  "id":4615611, "ctx":"initandlisten","msg":"MongoDB starting","attr":{"pid":26488,"port":27017,"dbPath":"D:/My Project/Learn_Lens/backend/data/db","architecture":"64-bit","host":"NaDeE_sHaNi"}}
{"t":{"$date":"2026-07-18T19:45:50.568+05:30"},"s":"I",  "c":"CONTROL",  "id":23398,   "ctx":"initandlisten","msg":"Target operating system minimum version","attr":{"targetMinOS":"Windows 7/Windows Server 2008 R2"}}
{"t":{"$date":"2026-07-18T19:45:50.568+05:30"},"s":"I",  "c":"CONTROL",  "id":23403,   "ctx":"initandlisten","msg":"Build Info","attr":{"buildInfo":{"version":"8.2.1","gitVersion":"3312bdcf28aa65f5930005e21c2cb130f648b8c3","modules":[],"allocator":"tcmalloc-gperf","environment":{"distmod":"windows"}}}}
{"t":{"$date":"2026-07-18T19:45:50.568+05:30"},"s":"I",  "c":"CONTROL",  "id":51765,   "ctx":"initandlisten","msg":"Operating System","attr":{"os":{"name":"Microsoft Windows Workstation (build 9200)","version":"6.2 (build 9200)"}}}
{"t":{"$date":"2026-07-18T19:45:50.568+05:30"},"s":"I",  "c":"CONTROL",  "id":21951,   "ctx":"initandlisten","msg":"Options set by command line","attr":{"options":{"net":{"port":27017},"storage":{"dbPath":"D:\\My Project\\Learn_Lens\\backend\\data\\db"},"systemLog":{"destination":"file","path":"D:\\My Project\\Learn_Lens\\backend\\data\\mongod.log"}}}}
{"t":{"$date":"2026-07-18T19:45:50.570+05:30"},"s":"I",  "c":"NETWORK",  "id":4648601, "ctx":"initandlisten","msg":"Implicit TCP FastOpen unavailable. If TCP FastOpen is required, set at least one of the related parameters","attr":{"relatedParameters":["tcpFastOpenServer","tcpFastOpenClient","tcpFastOpenQueueSize"]}}
{"t":{"$date":"2026-07-18T19:45:50.574+05:30"},"s":"I",  "c":"STORAGE",  "id":22315,   "ctx":"initandlisten","msg":"Opening WiredTiger","attr":{"config":"create,cache_size=7501M,session_max=33000,eviction=(threads_min=4,threads_max=4),config_base=false,statistics=(fast),log=(enabled=true,remove=true,path=journal,compressor=snappy),builtin_extension_config=(zstd=(compression_level=6)),file_manager=(close_idle_time=600,close_scan_interval=10,close_handle_minimum=2000),statistics_log=(wait=0),json_output=(error,message),verbose=[recovery_progress:1,checkpoint_progress:1,compact_progress:1,live_restore_progress:1,backup:0,checkpoint:0,compact:0,eviction:0,fileops:0,history_store:0,live_restore:0,recovery:0,rts:0,salvage:0,tiered:0,timestamp:0,transaction:0,verify:0,log:0],prefetch=(available=true,default=false),"}}
{"t":{"$date":"2026-07-18T19:45:50.583+05:30"},"s":"I",  "c":"WTRECOV",  "id":22430,   "ctx":"initandlisten","msg":"WiredTiger message","attr":{"message":{"ts_sec":1784384150,"ts_usec":582969,"thread":"26488:140715066164768","session_name":"wiredtiger_open","category":"WT_VERB_RECOVERY","log_id":1000000,"category_id":32,"verbose_level":"INFO","verbose_level_id":0,"msg":"opening the WiredTiger library"}}}
{"t":{"$date":"2026-07-18T19:45:50.618+05:30"},"s":"I",  "c":"WTRECOV",  "id":22430,   "ctx":"initandlisten","msg":"WiredTiger message","attr":{"message":{"ts_sec":1784384150,"ts_usec":618151,"thread":"26488:140715066164768","session_name":"connection","category":"WT_VERB_RECOVERY","log_id":1000000,"category_id":32,"verbose_level":"INFO","verbose_level_id":0,"msg":"connection configuration string parsing completed"}}}
{"t":{"$date":"2026-07-18T19:45:50.677+05:30"},"s":"I",  "c":"WTRECOV",  "id":22430,   "ctx":"initandlisten","msg":"WiredTiger message","attr":{"message":{"ts_sec":1784384150,"ts_usec":677086,"thread":"26488:140715066164768","session_name":"connection","category":"WT_VERB_RECOVERY","log_id":1000000,"category_id":32,"verbose_level":"INFO","verbose_level_id":0,"msg":"starting WiredTiger utility threads"}}}
{"t":{"$date":"2026-07-18T19:45:50.703+05:30"},"s":"I",  "c":"WTRECOV",  "id":22430,   "ctx":"initandlisten","msg":"WiredTiger message","attr":{"message":{"ts_sec":1784384150,"ts_usec":703097,"thread":"26488:140715066164768","session_name":"connection","category":"WT_VERB_RECOVERY","log_id":1000000,"category_id":32,"verbose_level":"INFO","verbose_level_id":0,"msg":"starting WiredTiger recovery"}}}
{"t":{"$date":"2026-07-18T19:45:50.704+05:30"},"s":"I",  "c":"WTRECOV",  "id":22430,   "ctx":"initandlisten","msg":"WiredTiger message","attr":{"message":{"ts_sec":1784384150,"ts_usec":704114,"thread":"26488:140715066164768","session_name":"txn-recover","category":"WT_VERB_RECOVERY","log_id":1000000,"category_id":32,"verbose_level":"INFO","verbose_level_id":0,"msg":"scanning metadata to find the largest file ID"}}}
{"t":{"$date":"2026-07-18T19:45:50.704+05:30"},"s":"I",  "c":"WTRECOV",  "id":22430,   "ctx":"initandlisten","msg":"WiredTiger message","attr":{"message":{"ts_sec":1784384150,"ts_usec":704114,"thread":"26488:140715066164768","session_name":"txn-recover","category":"WT_VERB_RECOVERY","log_id":1000000,"category_id":32,"verbose_level":"INFO","verbose_level_id":0,"msg":"largest file ID found in the metadata 0"}}}
{"t":{"$date":"2026-07-18T19:45:50.704+05:30"},"s":"I",  "c":"WTRECOV",  "id":22430,   "ctx":"initandlisten","msg":"WiredTiger message","attr":{"message":{"ts_sec":1784384150,"ts_usec":704114,"thread":"26488:140715066164768","session_name":"txn-recover","category":"WT_VERB_RECOVERY","log_id":1000000,"category_id":32,"verbose_level":"INFO","verbose_level_id":0,"msg":"recovery log replay has successfully finished and ran for 1 milliseconds"}}}
{"t":{"$date":"2026-07-18T19:45:50.704+05:30"},"s":"I",  "c":"WTRECOV",  "id":22430,   "ctx":"initandlisten","msg":"WiredTiger message","attr":{"message":{"ts_sec":1784384150,"ts_usec":704114,"thread":"26488:140715066164768","session_name":"txn-recover","category":"WT_VERB_RECOVERY_PROGRESS","log_id":1000000,"category_id":33,"verbose_level":"DEBUG_1","verbose_level_id":1,"msg":"Set global recovery timestamp: (0, 0)"}}}
{"t":{"$date":"2026-07-18T19:45:50.704+05:30"},"s":"I",  "c":"WTRECOV",  "id":22430,   "ctx":"initandlisten","msg":"WiredTiger message","attr":{"message":{"ts_sec":1784384150,"ts_usec":704114,"thread":"26488:140715066164768","session_name":"txn-recover","category":"WT_VERB_RECOVERY_PROGRESS","log_id":1000000,"category_id":33,"verbose_level":"DEBUG_1","verbose_level_id":1,"msg":"Set global oldest timestamp: (0, 0)"}}}
{"t":{"$date":"2026-07-18T19:45:50.705+05:30"},"s":"I",  "c":"WTRECOV",  "id":22430,   "ctx":"initandlisten","msg":"WiredTiger message","attr":{"message":{"ts_sec":1784384150,"ts_usec":704114,"thread":"26488:140715066164768","session_name":"txn-recover","category":"WT_VERB_RECOVERY","log_id":1493201,"category_id":32,"verbose_level":"INFO","verbose_level_id":0,"msg":"recovery was completed successfully and took 1ms, including 1ms for the log replay, 0ms for the rollback to stable, and 0ms for the checkpoint."}}}
{"t":{"$date":"2026-07-18T19:45:50.705+05:30"},"s":"I",  "c":"WTRECOV",  "id":22430,   "ctx":"initandlisten","msg":"WiredTiger message","attr":{"message":{"ts_sec":1784384150,"ts_usec":705125,"thread":"26488:140715066164768","session_name":"txn-recover","category":"WT_VERB_RECOVERY_PROGRESS","log_id":1493201,"category_id":33,"verbose_level":"INFO","verbose_level_id":0,"msg":"recovery was completed successfully and took 1ms, including 1ms for the log replay, 0ms for the rollback to stable, and 0ms for the checkpoint."}}}
{"t":{"$date":"2026-07-18T19:45:50.716+05:30"},"s":"I",  "c":"WTEVICT",  "id":22430,   "ctx":"initandlisten","msg":"WiredTiger message","attr":{"message":{"ts_sec":1784384150,"ts_usec":716048,"thread":"26488:140715066164768","session_name":"connection","category":"WT_VERB_EVICTION","log_id":1000000,"category_id":15,"verbose_level":"INFO","verbose_level_id":0,"msg":"starting eviction threads"}}}
{"t":{"$date":"2026-07-18T19:45:50.721+05:30"},"s":"I",  "c":"WTRECOV",  "id":22430,   "ctx":"initandlisten","msg":"WiredTiger message","attr":{"message":{"ts_sec":1784384150,"ts_usec":721062,"thread":"26488:140715066164768","session_name":"connection","category":"WT_VERB_RECOVERY","log_id":1000000,"category_id":32,"verbose_level":"INFO","verbose_level_id":0,"msg":"WiredTiger utility threads started successfully"}}}
{"t":{"$date":"2026-07-18T19:45:50.721+05:30"},"s":"I",  "c":"WTRECOV",  "id":22430,   "ctx":"initandlisten","msg":"WiredTiger message","attr":{"message":{"ts_sec":1784384150,"ts_usec":721062,"thread":"26488:140715066164768","session_name":"connection","category":"WT_VERB_RECOVERY","log_id":1000000,"category_id":32,"verbose_level":"INFO","verbose_level_id":0,"msg":"the WiredTiger library has successfully opened"}}}
{"t":{"$date":"2026-07-18T19:45:50.721+05:30"},"s":"I",  "c":"STORAGE",  "id":4795906, "ctx":"initandlisten","msg":"WiredTiger opened","attr":{"durationMillis":147}}
{"t":{"$date":"2026-07-18T19:45:50.721+05:30"},"s":"I",  "c":"RECOVERY", "id":23987,   "ctx":"initandlisten","msg":"WiredTiger recoveryTimestamp","attr":{"recoveryTimestamp":{"$timestamp":{"t":0,"i":0}}}}
{"t":{"$date":"2026-07-18T19:45:50.721+05:30"},"s":"I",  "c":"STORAGE",  "id":9086700, "ctx":"initandlisten","msg":"WiredTiger session cache max value has been set","attr":{"sessionCacheMax":16500}}
{"t":{"$date":"2026-07-18T19:45:50.735+05:30"},"s":"I",  "c":"STORAGE",  "id":10158000,"ctx":"initandlisten","msg":"Opening spill WiredTiger","attr":{"config":"create,cache_size=400M,session_max=1024,eviction=(threads_min=1,threads_max=1),eviction_dirty_target=20MB,eviction_dirty_trigger=320MB,eviction_updates_trigger=320MB,config_base=false,statistics=(fast),log=(enabled=false),builtin_extension_config=(zstd=(compression_level=-7)),file_manager=(close_idle_time=600,close_scan_interval=10,close_handle_minimum=2000),statistics_log=(wait=0),json_output=(error,message),verbose=[recovery_progress:1,checkpoint_progress:1,compact_progress:1,live_restore_progress:1,backup:0,checkpoint:0,compact:0,eviction:0,fileops:0,history_store:0,live_restore:0,recovery:0,rts:0,salvage:0,tiered:0,timestamp:0,transaction:0,verify:0,log:0],"}}
{"t":{"$date":"2026-07-18T19:45:50.742+05:30"},"s":"I",  "c":"WTRECOV",  "id":22430,   "ctx":"initandlisten","msg":"WiredTiger message","attr":{"message":{"ts_sec":1784384150,"ts_usec":742303,"thread":"26488:140715066164768","session_name":"wiredtiger_open","category":"WT_VERB_RECOVERY","log_id":1000000,"category_id":32,"verbose_level":"INFO","verbose_level_id":0,"msg":"opening the WiredTiger library"}}}
{"t":{"$date":"2026-07-18T19:45:50.744+05:30"},"s":"I",  "c":"WTRECOV",  "id":22430,   "ctx":"initandlisten","msg":"WiredTiger message","attr":{"message":{"ts_sec":1784384150,"ts_usec":744325,"thread":"26488:140715066164768","session_name":"connection","category":"WT_VERB_RECOVERY","log_id":1000000,"category_id":32,"verbose_level":"INFO","verbose_level_id":0,"msg":"connection configuration string parsing completed"}}}
{"t":{"$date":"2026-07-18T19:45:50.756+05:30"},"s":"I",  "c":"WTRECOV",  "id":22430,   "ctx":"initandlisten","msg":"WiredTiger message","attr":{"message":{"ts_sec":1784384150,"ts_usec":755561,"thread":"26488:140715066164768","session_name":"connection","category":"WT_VERB_RECOVERY","log_id":1000000,"category_id":32,"verbose_level":"INFO","verbose_level_id":0,"msg":"starting WiredTiger utility threads"}}}
{"t":{"$date":"2026-07-18T19:45:50.756+05:30"},"s":"I",  "c":"WTRECOV",  "id":22430,   "ctx":"initandlisten","msg":"WiredTiger message","attr":{"message":{"ts_sec":1784384150,"ts_usec":756549,"thread":"26488:140715066164768","session_name":"connection","category":"WT_VERB_RECOVERY","log_id":1000000,"category_id":32,"verbose_level":"INFO","verbose_level_id":0,"msg":"starting WiredTiger recovery"}}}
{"t":{"$date":"2026-07-18T19:45:50.756+05:30"},"s":"I",  "c":"WTRECOV",  "id":22430,   "ctx":"initandlisten","msg":"WiredTiger message","attr":{"message":{"ts_sec":1784384150,"ts_usec":756549,"thread":"26488:140715066164768","session_name":"txn-recover","category":"WT_VERB_RECOVERY","log_id":1000000,"category_id":32,"verbose_level":"INFO","verbose_level_id":0,"msg":"scanning metadata to find the largest file ID"}}}
{"t":{"$date":"2026-07-18T19:45:50.756+05:30"},"s":"I",  "c":"WTRECOV",  "id":22430,   "ctx":"initandlisten","msg":"WiredTiger message","attr":{"message":{"ts_sec":1784384150,"ts_usec":756549,"thread":"26488:140715066164768","session_name":"txn-recover","category":"WT_VERB_RECOVERY","log_id":1000000,"category_id":32,"verbose_level":"INFO","verbose_level_id":0,"msg":"largest file ID found in the metadata 0"}}}
{"t":{"$date":"2026-07-18T19:45:50.756+05:30"},"s":"I",  "c":"WTRECOV",  "id":22430,   "ctx":"initandlisten","msg":"WiredTiger message","attr":{"message":{"ts_sec":1784384150,"ts_usec":756549,"thread":"26488:140715066164768","session_name":"txn-recover","category":"WT_VERB_RECOVERY","log_id":1000000,"category_id":32,"verbose_level":"INFO","verbose_level_id":0,"msg":"recovery log replay has successfully finished and ran for 0 milliseconds"}}}
{"t":{"$date":"2026-07-18T19:45:50.756+05:30"},"s":"I",  "c":"WTRECOV",  "id":22430,   "ctx":"initandlisten","msg":"WiredTiger message","attr":{"message":{"ts_sec":1784384150,"ts_usec":756549,"thread":"26488:140715066164768","session_name":"txn-recover","category":"WT_VERB_RECOVERY_PROGRESS","log_id":1000000,"category_id":33,"verbose_level":"DEBUG_1","verbose_level_id":1,"msg":"Set global recovery timestamp: (0, 0)"}}}
{"t":{"$date":"2026-07-18T19:45:50.756+05:30"},"s":"I",  "c":"WTRECOV",  "id":22430,   "ctx":"initandlisten","msg":"WiredTiger message","attr":{"message":{"ts_sec":1784384150,"ts_usec":756549,"thread":"26488:140715066164768","session_name":"txn-recover","category":"WT_VERB_RECOVERY_PROGRESS","log_id":1000000,"category_id":33,"verbose_level":"DEBUG_1","verbose_level_id":1,"msg":"Set global oldest timestamp: (0, 0)"}}}
{"t":{"$date":"2026-07-18T19:45:50.757+05:30"},"s":"I",  "c":"WTRECOV",  "id":22430,   "ctx":"initandlisten","msg":"WiredTiger message","attr":{"message":{"ts_sec":1784384150,"ts_usec":756549,"thread":"26488:140715066164768","session_name":"txn-recover","category":"WT_VERB_RECOVERY","log_id":1493201,"category_id":32,"verbose_level":"INFO","verbose_level_id":0,"msg":"recovery was completed successfully and took 0ms, including 0ms for the log replay, 0ms for the rollback to stable, and 0ms for the checkpoint."}}}
{"t":{"$date":"2026-07-18T19:45:50.757+05:30"},"s":"I",  "c":"WTRECOV",  "id":22430,   "ctx":"initandlisten","msg":"WiredTiger message","attr":{"message":{"ts_sec":1784384150,"ts_usec":756549,"thread":"26488:140715066164768","session_name":"txn-recover","category":"WT_VERB_RECOVERY_PROGRESS","log_id":1493201,"category_id":33,"verbose_level":"INFO","verbose_level_id":0,"msg":"recovery was completed successfully and took 0ms, including 0ms for the log replay, 0ms for the rollback to stable, and 0ms for the checkpoint."}}}
{"t":{"$date":"2026-07-18T19:45:50.792+05:30"},"s":"I",  "c":"WTEVICT",  "id":22430,   "ctx":"initandlisten","msg":"WiredTiger message","attr":{"message":{"ts_sec":1784384150,"ts_usec":792221,"thread":"26488:140715066164768","session_name":"connection","category":"WT_VERB_EVICTION","log_id":1000000,"category_id":15,"verbose_level":"INFO","verbose_level_id":0,"msg":"starting eviction threads"}}}
{"t":{"$date":"2026-07-18T19:45:50.793+05:30"},"s":"I",  "c":"WTRECOV",  "id":22430,   "ctx":"initandlisten","msg":"WiredTiger message","attr":{"message":{"ts_sec":1784384150,"ts_usec":792221,"thread":"26488:140715066164768","session_name":"connection","category":"WT_VERB_RECOVERY","log_id":1000000,"category_id":32,"verbose_level":"INFO","verbose_level_id":0,"msg":"WiredTiger utility threads started successfully"}}}
{"t":{"$date":"2026-07-18T19:45:50.793+05:30"},"s":"I",  "c":"WTRECOV",  "id":22430,   "ctx":"initandlisten","msg":"WiredTiger message","attr":{"message":{"ts_sec":1784384150,"ts_usec":793172,"thread":"26488:140715066164768","session_name":"connection","category":"WT_VERB_RECOVERY","log_id":1000000,"category_id":32,"verbose_level":"INFO","verbose_level_id":0,"msg":"the WiredTiger library has successfully opened"}}}
{"t":{"$date":"2026-07-18T19:45:50.793+05:30"},"s":"I",  "c":"STORAGE",  "id":10158001,"ctx":"initandlisten","msg":"Spill WiredTiger opened","attr":{"durationMillis":58}}
{"t":{"$date":"2026-07-18T19:45:50.805+05:30"},"s":"I",  "c":"STORAGE",  "id":9529901, "ctx":"initandlisten","msg":"Initializing durable catalog","attr":{"numRecords":0}}
{"t":{"$date":"2026-07-18T19:45:50.805+05:30"},"s":"I",  "c":"STORAGE",  "id":9529902, "ctx":"initandlisten","msg":"Retrieving all idents from storage engine"}
{"t":{"$date":"2026-07-18T19:45:50.806+05:30"},"s":"I",  "c":"STORAGE",  "id":9529903, "ctx":"initandlisten","msg":"Initializing all collections in durable catalog","attr":{"numEntries":0}}
{"t":{"$date":"2026-07-18T19:45:50.837+05:30"},"s":"W",  "c":"CONTROL",  "id":22120,   "ctx":"initandlisten","msg":"Access control is not enabled for the database. Read and write access to data and configuration is unrestricted","tags":["startupWarnings"]}
{"t":{"$date":"2026-07-18T19:45:50.838+05:30"},"s":"W",  "c":"CONTROL",  "id":22140,   "ctx":"initandlisten","msg":"This server is bound to localhost. Remote systems will be unable to connect to this server. Start the server with --bind_ip <address> to specify which IP addresses it should serve responses from, or with --bind_ip_all to bind to all interfaces. If this behavior is desired, start the server with --bind_ip 127.0.0.1 to disable this warning","tags":["startupWarnings"]}
{"t":{"$date":"2026-07-18T19:45:50.841+05:30"},"s":"I",  "c":"STORAGE",  "id":20320,   "ctx":"initandlisten","msg":"createCollection","attr":{"namespace":"admin.system.version","uuidDisposition":"provided","uuid":{"uuid":{"$uuid":"2de6be3b-0e25-4b28-beea-1b93bf7ad2b7"}},"options":{"uuid":{"$uuid":"2de6be3b-0e25-4b28-beea-1b93bf7ad2b7"}}}}
{"t":{"$date":"2026-07-18T19:45:50.871+05:30"},"s":"I",  "c":"INDEX",    "id":20345,   "ctx":"initandlisten","msg":"Index build: done building","attr":{"buildUUID":null,"collectionUUID":{"uuid":{"$uuid":"2de6be3b-0e25-4b28-beea-1b93bf7ad2b7"}},"namespace":"admin.system.version","index":"_id_","ident":"index-95531215-25ce-445c-ac12-a77d89170f80","collectionIdent":"collection-17393834-fd76-4160-b783-c82b85f9cca3","commitTimestamp":null}}
{"t":{"$date":"2026-07-18T19:45:50.872+05:30"},"s":"I",  "c":"REPL",     "id":20459,   "ctx":"initandlisten","msg":"Setting featureCompatibilityVersion","attr":{"newVersion":"8.2"}}
{"t":{"$date":"2026-07-18T19:45:50.872+05:30"},"s":"I",  "c":"REPL",     "id":5853300, "ctx":"initandlisten","msg":"current featureCompatibilityVersion value","attr":{"featureCompatibilityVersion":"8.2","context":"setFCV"}}
{"t":{"$date":"2026-07-18T19:45:50.872+05:30"},"s":"I",  "c":"NETWORK",  "id":4915702, "ctx":"initandlisten","msg":"Updated wire specification","attr":{"oldSpec":{"incomingExternalClient":{"minWireVersion":0,"maxWireVersion":27},"incomingInternalClient":{"minWireVersion":0,"maxWireVersion":27},"outgoing":{"minWireVersion":6,"maxWireVersion":27},"isInternalClient":true},"newSpec":{"incomingExternalClient":{"minWireVersion":0,"maxWireVersion":27},"incomingInternalClient":{"minWireVersion":27,"maxWireVersion":27},"outgoing":{"minWireVersion":27,"maxWireVersion":27},"isInternalClient":true}}}
{"t":{"$date":"2026-07-18T19:45:50.872+05:30"},"s":"I",  "c":"NETWORK",  "id":4915702, "ctx":"initandlisten","msg":"Updated wire specification","attr":{"oldSpec":{"incomingExternalClient":{"minWireVersion":0,"maxWireVersion":27},"incomingInternalClient":{"minWireVersion":27,"maxWireVersion":27},"outgoing":{"minWireVersion":27,"maxWireVersion":27},"isInternalClient":true},"newSpec":{"incomingExternalClient":{"minWireVersion":0,"maxWireVersion":27},"incomingInternalClient":{"minWireVersion":27,"maxWireVersion":27},"outgoing":{"minWireVersion":27,"maxWireVersion":27},"isInternalClient":true}}}
{"t":{"$date":"2026-07-18T19:45:50.872+05:30"},"s":"I",  "c":"REPL",     "id":5853300, "ctx":"initandlisten","msg":"current featureCompatibilityVersion value","attr":{"featureCompatibilityVersion":"8.2","context":"startup"}}
{"t":{"$date":"2026-07-18T19:45:50.872+05:30"},"s":"I",  "c":"STORAGE",  "id":5071100, "ctx":"initandlisten","msg":"Clearing temp directory"}
{"t":{"$date":"2026-07-18T19:45:50.873+05:30"},"s":"I",  "c":"STORAGE",  "id":10682200,"ctx":"initandlisten","msg":"Dropping spill idents","attr":{"numIdents":0}}
{"t":{"$date":"2026-07-18T19:45:50.873+05:30"},"s":"I",  "c":"CONTROL",  "id":6608200, "ctx":"initandlisten","msg":"Initializing cluster server parameters from disk"}
{"t":{"$date":"2026-07-18T19:45:50.873+05:30"},"s":"I",  "c":"CONTROL",  "id":20536,   "ctx":"initandlisten","msg":"Flow Control is enabled on this deployment"}
{"t":{"$date":"2026-07-18T19:45:51.180+05:30"},"s":"I",  "c":"FTDC",     "id":20625,   "ctx":"initandlisten","msg":"Initializing full-time diagnostic data capture","attr":{"dataDirectory":"D:/My Project/Learn_Lens/backend/data/db/diagnostic.data"}}
{"t":{"$date":"2026-07-18T19:45:51.182+05:30"},"s":"I",  "c":"STORAGE",  "id":20320,   "ctx":"initandlisten","msg":"createCollection","attr":{"namespace":"local.startup_log","uuidDisposition":"generated","uuid":{"uuid":{"$uuid":"8282f7a8-1305-4cef-ac8b-1f7672cd0376"}},"options":{"capped":true,"size":10485760}}}
{"t":{"$date":"2026-07-18T19:45:51.207+05:30"},"s":"I",  "c":"INDEX",    "id":20345,   "ctx":"initandlisten","msg":"Index build: done building","attr":{"buildUUID":null,"collectionUUID":{"uuid":{"$uuid":"8282f7a8-1305-4cef-ac8b-1f7672cd0376"}},"namespace":"local.startup_log","index":"_id_","ident":"index-eb00b3bf-ca02-49f4-8712-01db74d91980","collectionIdent":"collection-bd2718d4-e808-41b4-96e1-f248c094d0bc","commitTimestamp":null}}
{"t":{"$date":"2026-07-18T19:45:51.208+05:30"},"s":"I",  "c":"REPL",     "id":6015317, "ctx":"initandlisten","msg":"Setting new configuration state","attr":{"newState":"ConfigReplicationDisabled","oldState":"ConfigPreStart"}}
{"t":{"$date":"2026-07-18T19:45:51.208+05:30"},"s":"I",  "c":"STORAGE",  "id":22262,   "ctx":"initandlisten","msg":"Timestamp monitor starting"}
{"t":{"$date":"2026-07-18T19:45:51.208+05:30"},"s":"I",  "c":"STORAGE",  "id":7333401, "ctx":"initandlisten","msg":"Starting the DiskSpaceMonitor"}
{"t":{"$date":"2026-07-18T19:45:51.212+05:30"},"s":"I",  "c":"NETWORK",  "id":23015,   "ctx":"listener","msg":"Listening on","attr":{"address":"127.0.0.1:27017"}}
{"t":{"$date":"2026-07-18T19:45:51.212+05:30"},"s":"I",  "c":"NETWORK",  "id":23016,   "ctx":"listener","msg":"Waiting for connections","attr":{"port":27017,"ssl":"off"}}
{"t":{"$date":"2026-07-18T19:45:51.212+05:30"},"s":"I",  "c":"CONTROL",  "id":8423403, "ctx":"initandlisten","msg":"mongod startup complete","attr":{"Summary of time elapsed":{"Startup from clean shutdown?":true,"Statistics":{"setUpPeriodicRunnerMillis":0,"setUpOCSPMillis":0,"setUpTransportLayerMillis":1,"initSyncCrashRecoveryMillis":0,"createLockFileMillis":0,"getStorageEngineMetadataMillis":0,"createStorageEngineMillis":232,"writePIDMillis":0,"writeNewMetadataMillis":31,"initializeFCVForIndexMillis":0,"dropAbandonedIdentsMillis":0,"standaloneClusterParamsMillis":0,"userAndRolesGraphMillis":0,"waitForMajorityServiceMillis":1,"startUpReplCoordMillis":1,"recoverChangeStreamMillis":0,"logStartupOptionsMillis":0,"startUpTransportLayerMillis":1,"initAndListenTotalMillis":644}}}}
{"t":{"$date":"2026-07-18T19:45:51.222+05:30"},"s":"I",  "c":"CONTROL",  "id":20712,   "ctx":"LogicalSessionCacheReap","msg":"Sessions collection is not set up; waiting until next sessions reap interval","attr":{"error":"NamespaceNotFound: config.system.sessions does not exist"}}
{"t":{"$date":"2026-07-18T19:45:51.227+05:30"},"s":"I",  "c":"STORAGE",  "id":20320,   "ctx":"LogicalSessionCacheRefresh","msg":"createCollection","attr":{"namespace":"config.system.sessions","uuidDisposition":"generated","uuid":{"uuid":{"$uuid":"c7c782cf-6d15-4956-b32e-967f25ba5e00"}},"options":{}}}
{"t":{"$date":"2026-07-18T19:45:51.260+05:30"},"s":"I",  "c":"INDEX",    "id":20345,   "ctx":"LogicalSessionCacheRefresh","msg":"Index build: done building","attr":{"buildUUID":null,"collectionUUID":{"uuid":{"$uuid":"c7c782cf-6d15-4956-b32e-967f25ba5e00"}},"namespace":"config.system.sessions","index":"_id_","ident":"index-696907ed-4cb2-4e7d-9d8f-dd116af504da","collectionIdent":"collection-19e6fe29-3b7e-4925-805d-10506094191f","commitTimestamp":null}}
{"t":{"$date":"2026-07-18T19:45:51.260+05:30"},"s":"I",  "c":"INDEX",    "id":20345,   "ctx":"LogicalSessionCacheRefresh","msg":"Index build: done building","attr":{"buildUUID":null,"collectionUUID":{"uuid":{"$uuid":"c7c782cf-6d15-4956-b32e-967f25ba5e00"}},"namespace":"config.system.sessions","index":"lsidTTLIndex","ident":"index-7fa848c9-b179-4768-9aac-b22395a07cdf","collectionIdent":"collection-19e6fe29-3b7e-4925-805d-10506094191f","commitTimestamp":null}}
{"t":{"$date":"2026-07-18T19:46:50.844+05:30"},"s":"I",  "c":"WTCHKPT",  "id":22430,   "ctx":"Checkpointer","msg":"WiredTiger message","attr":{"message":{"ts_sec":1784384210,"ts_usec":843037,"thread":"26488:140715066164768","session_name":"WT_SESSION.checkpoint","category":"WT_VERB_CHECKPOINT_PROGRESS","log_id":1000000,"category_id":7,"verbose_level":"INFO","verbose_level_id":0,"msg":"saving checkpoint snapshot min: 33, snapshot max: 33 snapshot count: 0, oldest timestamp: (0, 0) , meta checkpoint timestamp: (0, 0) base write gen: 1"}}}
{"t":{"$date":"2026-07-18T19:46:58.999+05:30"},"s":"I",  "c":"CONTROL",  "id":23373,   "ctx":"thread25","msg":"CTRL_CLOSE_EVENT signal"}
{"t":{"$date":"2026-07-18T19:46:58.999+05:30"},"s":"I",  "c":"CONTROL",  "id":23371,   "ctx":"consoleTerminate","msg":"Received event, will terminate after current command ends","attr":{"controlCode":"CTRL_CLOSE_EVENT"}}
{"t":{"$date":"2026-07-18T19:46:59.000+05:30"},"s":"I",  "c":"REPL",     "id":4784900, "ctx":"consoleTerminate","msg":"Stepping down the ReplicationCoordinator for shutdown","attr":{"waitTimeMillis":15000}}
{"t":{"$date":"2026-07-18T19:46:59.003+05:30"},"s":"I",  "c":"REPL",     "id":4794602, "ctx":"consoleTerminate","msg":"Attempting to enter quiesce mode"}
{"t":{"$date":"2026-07-18T19:46:59.003+05:30"},"s":"I",  "c":"STORAGE",  "id":7333402, "ctx":"consoleTerminate","msg":"Shutting down the DiskSpaceMonitor"}
{"t":{"$date":"2026-07-18T19:46:59.004+05:30"},"s":"I",  "c":"-",        "id":6371601, "ctx":"consoleTerminate","msg":"Shutting down the FLE Crud thread pool"}
{"t":{"$date":"2026-07-18T19:46:59.004+05:30"},"s":"I",  "c":"COMMAND",  "id":4784901, "ctx":"consoleTerminate","msg":"Shutting down the MirrorMaestro"}
{"t":{"$date":"2026-07-18T19:46:59.004+05:30"},"s":"I",  "c":"SHARDING", "id":4784902, "ctx":"consoleTerminate","msg":"Shutting down the WaitForMajorityService"}
{"t":{"$date":"2026-07-18T19:46:59.007+05:30"},"s":"I",  "c":"CONTROL",  "id":4784903, "ctx":"consoleTerminate","msg":"Shutting down the LogicalSessionCache"}
{"t":{"$date":"2026-07-18T19:46:59.007+05:30"},"s":"I",  "c":"NETWORK",  "id":8314100, "ctx":"consoleTerminate","msg":"Shutdown: Closing listener sockets"}
{"t":{"$date":"2026-07-18T19:46:59.008+05:30"},"s":"I",  "c":"NETWORK",  "id":4784905, "ctx":"consoleTerminate","msg":"Shutting down the global connection pool"}
{"t":{"$date":"2026-07-18T19:46:59.008+05:30"},"s":"I",  "c":"CONTROL",  "id":4784906, "ctx":"consoleTerminate","msg":"Shutting down the FlowControlTicketholder"}
{"t":{"$date":"2026-07-18T19:46:59.008+05:30"},"s":"I",  "c":"-",        "id":20520,   "ctx":"consoleTerminate","msg":"Stopping further Flow Control ticket acquisitions."}
{"t":{"$date":"2026-07-18T19:46:59.008+05:30"},"s":"I",  "c":"CONTROL",  "id":4784908, "ctx":"consoleTerminate","msg":"Shutting down PeriodicThreadToAbortExpiredTransactions"}
{"t":{"$date":"2026-07-18T19:46:59.008+05:30"},"s":"I",  "c":"CONTROL",  "id":10036707,"ctx":"consoleTerminate","msg":"Shutting down PeriodicThreadToRollbackUnderCachePressure"}
{"t":{"$date":"2026-07-18T19:46:59.008+05:30"},"s":"I",  "c":"REPL",     "id":4784909, "ctx":"consoleTerminate","msg":"Shutting down the ReplicationCoordinator"}
{"t":{"$date":"2026-07-18T19:46:59.008+05:30"},"s":"I",  "c":"SHARDING", "id":4784910, "ctx":"consoleTerminate","msg":"Shutting down the ShardingInitializationMongoD"}
{"t":{"$date":"2026-07-18T19:46:59.009+05:30"},"s":"I",  "c":"REPL",     "id":4784911, "ctx":"consoleTerminate","msg":"Enqueuing the ReplicationStateTransitionLock for shutdown"}
{"t":{"$date":"2026-07-18T19:46:59.009+05:30"},"s":"I",  "c":"-",        "id":4784912, "ctx":"consoleTerminate","msg":"Killing all operations for shutdown"}
{"t":{"$date":"2026-07-18T19:46:59.009+05:30"},"s":"I",  "c":"-",        "id":4695300, "ctx":"consoleTerminate","msg":"Interrupted all currently running operations","attr":{"opsKilled":3}}
{"t":{"$date":"2026-07-18T19:46:59.009+05:30"},"s":"I",  "c":"COMMAND",  "id":4784913, "ctx":"consoleTerminate","msg":"Shutting down all open transactions"}
{"t":{"$date":"2026-07-18T19:46:59.009+05:30"},"s":"I",  "c":"REPL",     "id":4784914, "ctx":"consoleTerminate","msg":"Acquiring the ReplicationStateTransitionLock for shutdown"}
{"t":{"$date":"2026-07-18T19:46:59.009+05:30"},"s":"I",  "c":"INDEX",    "id":4784915, "ctx":"consoleTerminate","msg":"Shutting down the IndexBuildsCoordinator"}
{"t":{"$date":"2026-07-18T19:46:59.010+05:30"},"s":"I",  "c":"NETWORK",  "id":4784918, "ctx":"consoleTerminate","msg":"Shutting down the ReplicaSetMonitor"}
{"t":{"$date":"2026-07-18T19:46:59.011+05:30"},"s":"I",  "c":"SHARDING", "id":9439300, "ctx":"consoleTerminate","msg":"Shutting down the filtering metadata cache"}
{"t":{"$date":"2026-07-18T19:46:59.012+05:30"},"s":"I",  "c":"NETWORK",  "id":20562,   "ctx":"consoleTerminate","msg":"Shutdown: Closing open transport sessions"}
{"t":{"$date":"2026-07-18T19:46:59.012+05:30"},"s":"I",  "c":"NETWORK",  "id":4784923, "ctx":"consoleTerminate","msg":"Shutting down the ASIO transport SessionManager"}
{"t":{"$date":"2026-07-18T19:46:59.012+05:30"},"s":"I",  "c":"CONTROL",  "id":4784927, "ctx":"consoleTerminate","msg":"Shutting down the HealthLog"}
{"t":{"$date":"2026-07-18T19:46:59.012+05:30"},"s":"I",  "c":"CONTROL",  "id":4784928, "ctx":"consoleTerminate","msg":"Shutting down the TTL monitor"}
{"t":{"$date":"2026-07-18T19:46:59.012+05:30"},"s":"I",  "c":"INDEX",    "id":3684100, "ctx":"consoleTerminate","msg":"Shutting down TTL collection monitor thread"}
{"t":{"$date":"2026-07-18T19:46:59.013+05:30"},"s":"I",  "c":"INDEX",    "id":3684101, "ctx":"consoleTerminate","msg":"Finished shutting down TTL collection monitor thread"}
{"t":{"$date":"2026-07-18T19:46:59.013+05:30"},"s":"I",  "c":"CONTROL",  "id":4784929, "ctx":"consoleTerminate","msg":"Acquiring the global lock for shutdown"}
{"t":{"$date":"2026-07-18T19:46:59.013+05:30"},"s":"I",  "c":"CONTROL",  "id":4784930, "ctx":"consoleTerminate","msg":"Shutting down the storage engine"}
{"t":{"$date":"2026-07-18T19:46:59.013+05:30"},"s":"I",  "c":"STORAGE",  "id":22320,   "ctx":"consoleTerminate","msg":"Shutting down journal flusher thread"}
{"t":{"$date":"2026-07-18T19:46:59.013+05:30"},"s":"I",  "c":"STORAGE",  "id":22321,   "ctx":"consoleTerminate","msg":"Finished shutting down journal flusher thread"}
{"t":{"$date":"2026-07-18T19:46:59.013+05:30"},"s":"I",  "c":"STORAGE",  "id":22322,   "ctx":"consoleTerminate","msg":"Shutting down checkpoint thread"}
{"t":{"$date":"2026-07-18T19:46:59.013+05:30"},"s":"I",  "c":"STORAGE",  "id":22323,   "ctx":"consoleTerminate","msg":"Finished shutting down checkpoint thread"}
{"t":{"$date":"2026-07-18T19:46:59.014+05:30"},"s":"I",  "c":"STORAGE",  "id":20282,   "ctx":"consoleTerminate","msg":"Deregistering all the collections"}
{"t":{"$date":"2026-07-18T19:46:59.016+05:30"},"s":"I",  "c":"STORAGE",  "id":22261,   "ctx":"consoleTerminate","msg":"Timestamp monitor shutting down"}
{"t":{"$date":"2026-07-18T19:46:59.016+05:30"},"s":"I",  "c":"STORAGE",  "id":10158003,"ctx":"consoleTerminate","msg":"SpillWiredTigerKVEngine shutting down"}
{"t":{"$date":"2026-07-18T19:46:59.016+05:30"},"s":"I",  "c":"STORAGE",  "id":10158006,"ctx":"consoleTerminate","msg":"Closing spill WiredTiger","attr":{"closeConfig":"leak_memory=true,"}}
{"t":{"$date":"2026-07-18T19:46:59.017+05:30"},"s":"I",  "c":"WTRECOV",  "id":22430,   "ctx":"consoleTerminate","msg":"WiredTiger message","attr":{"message":{"ts_sec":1784384219,"ts_usec":16895,"thread":"26488:140715066164768","session_name":"WT_CONNECTION.close","category":"WT_VERB_RECOVERY_PROGRESS","log_id":1000000,"category_id":33,"verbose_level":"INFO","verbose_level_id":0,"msg":"closing WiredTiger library."}}}
{"t":{"$date":"2026-07-18T19:46:59.017+05:30"},"s":"I",  "c":"WTRECOV",  "id":22430,   "ctx":"consoleTerminate","msg":"WiredTiger message","attr":{"message":{"ts_sec":1784384219,"ts_usec":16895,"thread":"26488:140715066164768","session_name":"WT_CONNECTION.close","category":"WT_VERB_RECOVERY_PROGRESS","log_id":1000000,"category_id":33,"verbose_level":"INFO","verbose_level_id":0,"msg":"rolling back all running transactions."}}}
{"t":{"$date":"2026-07-18T19:46:59.017+05:30"},"s":"I",  "c":"WTRECOV",  "id":22430,   "ctx":"consoleTerminate","msg":"WiredTiger message","attr":{"message":{"ts_sec":1784384219,"ts_usec":16895,"thread":"26488:140715066164768","session_name":"WT_CONNECTION.close","category":"WT_VERB_RECOVERY_PROGRESS","log_id":1000000,"category_id":33,"verbose_level":"INFO","verbose_level_id":0,"msg":"closing all running sessions."}}}
{"t":{"$date":"2026-07-18T19:46:59.017+05:30"},"s":"I",  "c":"WTRECOV",  "id":22430,   "ctx":"consoleTerminate","msg":"WiredTiger message","attr":{"message":{"ts_sec":1784384219,"ts_usec":16895,"thread":"26488:140715066164768","session_name":"WT_CONNECTION.close","category":"WT_VERB_RECOVERY_PROGRESS","log_id":1000000,"category_id":33,"verbose_level":"INFO","verbose_level_id":0,"msg":"closing some of the internal threads."}}}
{"t":{"$date":"2026-07-18T19:46:59.018+05:30"},"s":"I",  "c":"WTRECOV",  "id":22430,   "ctx":"consoleTerminate","msg":"WiredTiger message","attr":{"message":{"ts_sec":1784384219,"ts_usec":17872,"thread":"26488:140715066164768","session_name":"WT_CONNECTION.close","category":"WT_VERB_RECOVERY_PROGRESS","log_id":1000000,"category_id":33,"verbose_level":"INFO","verbose_level_id":0,"msg":"perform final checkpoint and shutting down the global transaction state"}}}
{"t":{"$date":"2026-07-18T19:46:59.018+05:30"},"s":"I",  "c":"WTCHKPT",  "id":22430,   "ctx":"consoleTerminate","msg":"WiredTiger message","attr":{"message":{"ts_sec":1784384219,"ts_usec":17872,"thread":"26488:140715066164768","session_name":"close_ckpt","category":"WT_VERB_CHECKPOINT","log_id":1000000,"category_id":5,"verbose_level":"INFO","verbose_level_id":0,"msg":"Checkpoint requested at stable timestamp (0, 0)"}}}
{"t":{"$date":"2026-07-18T19:46:59.018+05:30"},"s":"I",  "c":"WTCHKPT",  "id":22430,   "ctx":"consoleTerminate","msg":"WiredTiger message","attr":{"message":{"ts_sec":1784384219,"ts_usec":17872,"thread":"26488:140715066164768","session_name":"close_ckpt","category":"WT_VERB_CHECKPOINT_PROGRESS","log_id":1000000,"category_id":7,"verbose_level":"INFO","verbose_level_id":0,"msg":"saving checkpoint snapshot min: 2, snapshot max: 2 snapshot count: 0, oldest timestamp: (0, 0) , meta checkpoint timestamp: (0, 0) base write gen: 1"}}}
{"t":{"$date":"2026-07-18T19:46:59.032+05:30"},"s":"I",  "c":"WTRECOV",  "id":22430,   "ctx":"consoleTerminate","msg":"WiredTiger message","attr":{"message":{"ts_sec":1784384219,"ts_usec":32499,"thread":"26488:140715066164768","session_name":"WT_CONNECTION.close","category":"WT_VERB_RECOVERY_PROGRESS","log_id":1000000,"category_id":33,"verbose_level":"INFO","verbose_level_id":0,"msg":"shutdown checkpoint has successfully finished and ran for 14 milliseconds"}}}
{"t":{"$date":"2026-07-18T19:46:59.033+05:30"},"s":"I",  "c":"WTRECOV",  "id":22430,   "ctx":"consoleTerminate","msg":"WiredTiger message","attr":{"message":{"ts_sec":1784384219,"ts_usec":33495,"thread":"26488:140715066164768","session_name":"WT_CONNECTION.close","category":"WT_VERB_RECOVERY_PROGRESS","log_id":1493200,"category_id":33,"verbose_level":"INFO","verbose_level_id":0,"msg":"shutdown was completed successfully and took 15ms, including 0ms for the rollback to stable, and 14ms for the checkpoint."}}}
{"t":{"$date":"2026-07-18T19:46:59.033+05:30"},"s":"I",  "c":"WTEVICT",  "id":22430,   "ctx":"consoleTerminate","msg":"WiredTiger message","attr":{"message":{"ts_sec":1784384219,"ts_usec":33495,"thread":"26488:140715066164768","session_name":"WT_CONNECTION.close","category":"WT_VERB_EVICTION","log_id":1000000,"category_id":15,"verbose_level":"INFO","verbose_level_id":0,"msg":"stopping eviction threads"}}}
{"t":{"$date":"2026-07-18T19:46:59.033+05:30"},"s":"I",  "c":"WTEVICT",  "id":22430,   "ctx":"consoleTerminate","msg":"WiredTiger message","attr":{"message":{"ts_sec":1784384219,"ts_usec":33495,"thread":"26488:140715066164768","session_name":"WT_CONNECTION.close","category":"WT_VERB_EVICTION","log_id":1000000,"category_id":15,"verbose_level":"INFO","verbose_level_id":0,"msg":"waiting for eviction threads to stop"}}}
{"t":{"$date":"2026-07-18T19:46:59.033+05:30"},"s":"I",  "c":"WTEVICT",  "id":22430,   "ctx":"thread30","msg":"WiredTiger message","attr":{"message":{"ts_sec":1784384219,"ts_usec":33495,"thread":"26488:140715066164768","session_name":"eviction-server","category":"WT_VERB_EVICTION","log_id":1000000,"category_id":15,"verbose_level":"INFO","verbose_level_id":0,"msg":"eviction thread exiting"}}}
{"t":{"$date":"2026-07-18T19:46:59.051+05:30"},"s":"I",  "c":"STORAGE",  "id":10158007,"ctx":"consoleTerminate","msg":"Closed spill WiredTiger ","attr":{"durationMillis":35}}
{"t":{"$date":"2026-07-18T19:46:59.051+05:30"},"s":"I",  "c":"STORAGE",  "id":22317,   "ctx":"consoleTerminate","msg":"WiredTigerKVEngine shutting down"}
{"t":{"$date":"2026-07-18T19:46:59.051+05:30"},"s":"I",  "c":"STORAGE",  "id":22318,   "ctx":"consoleTerminate","msg":"Shutting down session sweeper thread"}
{"t":{"$date":"2026-07-18T19:46:59.051+05:30"},"s":"I",  "c":"STORAGE",  "id":22319,   "ctx":"consoleTerminate","msg":"Finished shutting down session sweeper thread"}
{"t":{"$date":"2026-07-18T19:46:59.051+05:30"},"s":"I",  "c":"STORAGE",  "id":4795902, "ctx":"consoleTerminate","msg":"Closing WiredTiger","attr":{"closeConfig":"leak_memory=true,use_timestamp=false,"}}
{"t":{"$date":"2026-07-18T19:46:59.051+05:30"},"s":"I",  "c":"WTRECOV",  "id":22430,   "ctx":"consoleTerminate","msg":"WiredTiger message","attr":{"message":{"ts_sec":1784384219,"ts_usec":50496,"thread":"26488:140715066164768","session_name":"WT_CONNECTION.close","category":"WT_VERB_RECOVERY_PROGRESS","log_id":1000000,"category_id":33,"verbose_level":"INFO","verbose_level_id":0,"msg":"closing WiredTiger library."}}}
{"t":{"$date":"2026-07-18T19:46:59.051+05:30"},"s":"I",  "c":"WTRECOV",  "id":22430,   "ctx":"consoleTerminate","msg":"WiredTiger message","attr":{"message":{"ts_sec":1784384219,"ts_usec":51516,"thread":"26488:140715066164768","session_name":"WT_CONNECTION.close","category":"WT_VERB_RECOVERY_PROGRESS","log_id":1000000,"category_id":33,"verbose_level":"INFO","verbose_level_id":0,"msg":"rolling back all running transactions."}}}
{"t":{"$date":"2026-07-18T19:46:59.051+05:30"},"s":"I",  "c":"WTRECOV",  "id":22430,   "ctx":"consoleTerminate","msg":"WiredTiger message","attr":{"message":{"ts_sec":1784384219,"ts_usec":51516,"thread":"26488:140715066164768","session_name":"WT_CONNECTION.close","category":"WT_VERB_RECOVERY_PROGRESS","log_id":1000000,"category_id":33,"verbose_level":"INFO","verbose_level_id":0,"msg":"closing all running sessions."}}}
{"t":{"$date":"2026-07-18T19:46:59.051+05:30"},"s":"I",  "c":"WTRECOV",  "id":22430,   "ctx":"consoleTerminate","msg":"WiredTiger message","attr":{"message":{"ts_sec":1784384219,"ts_usec":51516,"thread":"26488:140715066164768","session_name":"WT_CONNECTION.close","category":"WT_VERB_RECOVERY_PROGRESS","log_id":1000000,"category_id":33,"verbose_level":"INFO","verbose_level_id":0,"msg":"closing some of the internal threads."}}}
{"t":{"$date":"2026-07-18T19:46:59.053+05:30"},"s":"I",  "c":"WTRECOV",  "id":22430,   "ctx":"consoleTerminate","msg":"WiredTiger message","attr":{"message":{"ts_sec":1784384219,"ts_usec":52516,"thread":"26488:140715066164768","session_name":"WT_CONNECTION.close","category":"WT_VERB_RECOVERY_PROGRESS","log_id":1000000,"category_id":33,"verbose_level":"INFO","verbose_level_id":0,"msg":"perform final checkpoint and shutting down the global transaction state"}}}
{"t":{"$date":"2026-07-18T19:46:59.053+05:30"},"s":"I",  "c":"WTCHKPT",  "id":22430,   "ctx":"consoleTerminate","msg":"WiredTiger message","attr":{"message":{"ts_sec":1784384219,"ts_usec":53517,"thread":"26488:140715066164768","session_name":"close_ckpt","category":"WT_VERB_CHECKPOINT_PROGRESS","log_id":1000000,"category_id":7,"verbose_level":"INFO","verbose_level_id":0,"msg":"saving checkpoint snapshot min: 35, snapshot max: 35 snapshot count: 0, oldest timestamp: (0, 0) , meta checkpoint timestamp: (0, 0) base write gen: 1"}}}
{"t":{"$date":"2026-07-18T19:46:59.074+05:30"},"s":"I",  "c":"WTRECOV",  "id":22430,   "ctx":"consoleTerminate","msg":"WiredTiger message","attr":{"message":{"ts_sec":1784384219,"ts_usec":73774,"thread":"26488:140715066164768","session_name":"WT_CONNECTION.close","category":"WT_VERB_RECOVERY_PROGRESS","log_id":1000000,"category_id":33,"verbose_level":"INFO","verbose_level_id":0,"msg":"shutdown checkpoint has successfully finished and ran for 21 milliseconds"}}}
{"t":{"$date":"2026-07-18T19:46:59.075+05:30"},"s":"I",  "c":"WTRECOV",  "id":22430,   "ctx":"consoleTerminate","msg":"WiredTiger message","attr":{"message":{"ts_sec":1784384219,"ts_usec":74760,"thread":"26488:140715066164768","session_name":"WT_CONNECTION.close","category":"WT_VERB_RECOVERY_PROGRESS","log_id":1493200,"category_id":33,"verbose_level":"INFO","verbose_level_id":0,"msg":"shutdown was completed successfully and took 23ms, including 0ms for the rollback to stable, and 21ms for the checkpoint."}}}
{"t":{"$date":"2026-07-18T19:46:59.075+05:30"},"s":"I",  "c":"WTEVICT",  "id":22430,   "ctx":"consoleTerminate","msg":"WiredTiger message","attr":{"message":{"ts_sec":1784384219,"ts_usec":74760,"thread":"26488:140715066164768","session_name":"WT_CONNECTION.close","category":"WT_VERB_EVICTION","log_id":1000000,"category_id":15,"verbose_level":"INFO","verbose_level_id":0,"msg":"stopping eviction threads"}}}
{"t":{"$date":"2026-07-18T19:46:59.075+05:30"},"s":"I",  "c":"WTEVICT",  "id":22430,   "ctx":"consoleTerminate","msg":"WiredTiger message","attr":{"message":{"ts_sec":1784384219,"ts_usec":74760,"thread":"26488:140715066164768","session_name":"WT_CONNECTION.close","category":"WT_VERB_EVICTION","log_id":1000000,"category_id":15,"verbose_level":"INFO","verbose_level_id":0,"msg":"waiting for eviction threads to stop"}}}
{"t":{"$date":"2026-07-18T19:46:59.075+05:30"},"s":"I",  "c":"WTEVICT",  "id":22430,   "ctx":"thread31","msg":"WiredTiger message","attr":{"message":{"ts_sec":1784384219,"ts_usec":74760,"thread":"26488:140715066164768","session_name":"eviction-server","category":"WT_VERB_EVICTION","log_id":1000000,"category_id":15,"verbose_level":"INFO","verbose_level_id":0,"msg":"eviction thread exiting"}}}
{"t":{"$date":"2026-07-18T19:46:59.094+05:30"},"s":"I",  "c":"STORAGE",  "id":4795901, "ctx":"consoleTerminate","msg":"WiredTiger closed","attr":{"durationMillis":43}}
{"t":{"$date":"2026-07-18T19:46:59.094+05:30"},"s":"I",  "c":"STORAGE",  "id":22281,   "ctx":"consoleTerminate","msg":"shutdown: removing fs lock..."}
{"t":{"$date":"2026-07-18T19:46:59.094+05:30"},"s":"I",  "c":"-",        "id":4784931, "ctx":"consoleTerminate","msg":"Dropping the scope cache for shutdown"}
{"t":{"$date":"2026-07-18T19:46:59.095+05:30"},"s":"I",  "c":"FTDC",     "id":20626,   "ctx":"consoleTerminate","msg":"Shutting down full-time diagnostic data capture"}
{"t":{"$date":"2026-07-18T19:46:59.104+05:30"},"s":"I",  "c":"CONTROL",  "id":20565,   "ctx":"consoleTerminate","msg":"Now exiting"}
{"t":{"$date":"2026-07-18T19:46:59.104+05:30"},"s":"I",  "c":"CONTROL",  "id":8423404, "ctx":"consoleTerminate","msg":"mongod shutdown complete","attr":{"Summary of time elapsed":{"Statistics":{"enterTerminalShutdownMillis":0,"stepDownReplCoordMillis":3,"quiesceModeMillis":0,"stopFLECrudMillis":1,"shutDownMirrorMaestroMillis":0,"shutDownWaitForMajorityServiceMillis":2,"shutDownLogicalSessionCacheMillis":1,"shutDownGlobalConnectionPoolMillis":1,"shutDownSearchTaskExecutorsMillis":0,"shutDownFlowControlTicketHolderMillis":0,"shutDownAbortExpiredTransactionsThreadMillis":0,"shutDownRollbackUnderCachePressureThreadMillis":0,"killAllOperationsMillis":0,"shutDownOpenTransactionsMillis":0,"acquireRSTLMillis":0,"shutDownIndexBuildsCoordinatorMillis":0,"shutDownReplicaSetMonitorMillis":1,"shutDownTransportLayerMillis":1,"shutDownHealthLogMillis":0,"shutDownTTLMonitorMillis":1,"shutDownExpiredDocumentRemoverMillis":0,"shutDownStorageEngineMillis":81,"shutDownOtelMetricsMillis":0,"shutDownFTDCMillis":1,"shutDownOCSPMillis":0,"shutdownTaskTotalMillis":105}}}}
{"t":{"$date":"2026-07-18T19:46:59.104+05:30"},"s":"I",  "c":"CONTROL",  "id":23138,   "ctx":"consoleTerminate","msg":"Shutting down","attr":{"exitCode":12}}
